[INFO ] 2019-09-01 14:42:54,433 -- Dataset: ...taset/ML_LT/ML/folds/all/train1.txt
[DEBUG] 2019-09-01 14:42:55,634 -- With Specs: {Users, Items, Ratings} = {3864, 4462, 214473}, Scale = {0.5,1.0,1.5,2.0,2.5,3.0,3.5,4.0,4.5,5.0}
[INFO ] 2019-09-01 14:42:55,931 -- With Setup: test-set -f ../dataset/ML_LT/ML/folds/all/test1.txt -vv ../dataset/ML_LT/ML/folds/all/valid.txt --test-view all --early-stop RMSE
[INFO ] 2019-09-01 14:42:55,933 -- Dataset: ...ataset/ML_LT/ML/folds/all/test1.txt
[DEBUG] 2019-09-01 14:42:56,203 -- With Specs: {Users, Items, Ratings} = {3864, 4462, 53619}, Scale = {0.5,1.0,1.5,2.0,2.5,3.0,3.5,4.0,4.5,5.0}
[INFO ] 2019-09-01 14:42:56,340 -- Dataset: ...ataset/ML_LT/ML/folds/all/valid.txt
[DEBUG] 2019-09-01 14:42:56,655 -- With Specs: {Users, Items, Ratings} = {3864, 4462, 53619}, Scale = {0.5,1.0,1.5,2.0,2.5,3.0,3.5,4.0,4.5,5.0}
[DEBUG] 2019-09-01 14:42:56,768 -- Tag dataset: ...ag/TagEmbedSVD/w2v/usertag_freq.txt
[DEBUG] 2019-09-01 14:42:56,769 -- Tag2 dataset: ...ag/TagEmbedSVD/w2v/itemtag_freq.txt
[INFO ] 2019-09-01 14:42:56,769 -- Dataset: ...ag/TagEmbedSVD/w2v/usertag_freq.txt
[DEBUG] 2019-09-01 14:42:57,107 -- With Specs: {Users, Items, Ratings} = {8901, 6592, 93913}, Scale = {1.0,2.0,3.0,4.0,5.0,6.0,7.0,8.0,9.0,10.0,11.0,12.0,13.0,14.0,15.0,16.0,17.0,18.0,19.0,20.0,21.0,22.0,23.0,24.0,25.0,26.0,27.0,28.0,29.0,30.0,31.0,32.0,33.0,34.0,35.0,36.0,37.0,38.0,39.0,40.0,41.0,42.0,43.0,44.0,45.0,46.0,47.0,48.0,49.0,50.0,51.0,52.0,53.0,54.0,55.0,56.0,57.0,58.0,59.0,60.0,61.0,62.0,63.0,64.0,65.0,66.0,67.0,68.0,69.0,70.0,71.0,72.0,73.0,74.0,75.0,76.0,77.0,78.0,79.0,80.0,81.0,82.0,83.0,84.0,85.0,86.0,87.0,88.0,89.0,90.0,91.0,92.0,93.0,94.0,95.0,97.0,98.0,99.0,100.0,101.0,102.0,103.0,104.0,106.0,107.0,109.0,110.0,111.0,112.0,114.0,115.0,116.0,122.0,124.0,125.0,126.0,127.0,128.0,130.0,132.0,136.0,137.0,138.0,141.0,143.0,145.0,146.0,150.0,151.0,156.0,157.0,162.0,177.0,183.0,219.0,224.0,281.0,320.0}
[INFO ] 2019-09-01 14:42:57,256 -- Dataset: ...ag/TagEmbedSVD/w2v/itemtag_freq.txt
[DEBUG] 2019-09-01 14:42:57,560 -- With Specs: {Users, Items, Ratings} = {9504, 10319, 125687}, Scale = {1.0,2.0,3.0,4.0,5.0,6.0,7.0,8.0,9.0,10.0,11.0,12.0,13.0,14.0,15.0,16.0,17.0,18.0,19.0,20.0,21.0,22.0,23.0,24.0,25.0,26.0,27.0,28.0,29.0,30.0,31.0,32.0,33.0,34.0,35.0,36.0,37.0,38.0,39.0,40.0,41.0,42.0,43.0,44.0,45.0,46.0,47.0,48.0,49.0,50.0,51.0,52.0,53.0,54.0,55.0,56.0,57.0,58.0,59.0,60.0,61.0,62.0,63.0,64.0,65.0,66.0,67.0,68.0,69.0,70.0,71.0,72.0,73.0,74.0,75.0,76.0,77.0,78.0,79.0,81.0,82.0,83.0,84.0,85.0,86.0,87.0,88.0,90.0,92.0,93.0,94.0,95.0,96.0,97.0,98.0,99.0,100.0,101.0,102.0,103.0,104.0,105.0,106.0,107.0,109.0,110.0,113.0,114.0,118.0,119.0,122.0,126.0,127.0,129.0,130.0,134.0,135.0,137.0,138.0,139.0,140.0,141.0,142.0,143.0,145.0,146.0,148.0,153.0,154.0,157.0,160.0,167.0,179.0,182.0,187.0,189.0,191.0,194.0,195.0,197.0,200.0,212.0,219.0,220.0,233.0,236.0,312.0,320.0,322.0,327.0,333.0,371.0}
[DEBUG] 2019-09-01 14:42:59,547 -- TagEmbedSVD: [factors, lRate, maxLRate, regB, regU, regI, regS, iters, boldDriver] = [5, 0.003, -1.0, 0.8, 1.8, 0.5, 0.09, 0.09, 100, true]
[DEBUG] 2019-09-01 14:43:16,221 -- TagEmbedSVD iter 1: loss = 776201.7, delta_loss = -776201.7, RMSE = 0.000000, delta_RMSE = 0.000000, learn_rate = 0.003
[DEBUG] 2019-09-01 14:43:32,625 -- TagEmbedSVD iter 2: loss = 286426.28, delta_loss = 489775.4, RMSE = 0.000000, delta_RMSE = 0.000000, learn_rate = 0.003
[DEBUG] 2019-09-01 14:43:45,006 -- TagEmbedSVD iter 3: loss = 209242.77, delta_loss = 77183.516, RMSE = 0.000000, delta_RMSE = 0.000000, learn_rate = 0.00315
[DEBUG] 2019-09-01 14:43:57,662 -- TagEmbedSVD iter 4: loss = 182306.38, delta_loss = 26936.389, RMSE = 0.000000, delta_RMSE = 0.000000, learn_rate = 0.0033075
[DEBUG] 2019-09-01 14:44:10,849 -- TagEmbedSVD iter 5: loss = 166558.02, delta_loss = 15748.351, RMSE = 0.000000, delta_RMSE = 0.000000, learn_rate = 0.003472875
[DEBUG] 2019-09-01 14:44:25,831 -- TagEmbedSVD iter 6: loss = 155271.88, delta_loss = 11286.1455, RMSE = 0.000000, delta_RMSE = 0.000000, learn_rate = 0.0036465188
